<?xml version="1.0" encoding="UTF-8"?>
<!-- Generated by org.testng.reporters.JUnitReportReporter -->
<testsuite skipped="0" hostname="LAPTOP-DQ25KTNT" name="com.qa.RestAPI.tests.UserInfo" tests="9" failures="0" timestamp="11 Sep 2020 07:14:28 GMT" time="0.602" errors="0">
  <testcase name="user_name" time="0.034" classname="com.qa.RestAPI.tests.UserInfo"/>
  <testcase name="session_id" time="0.004" classname="com.qa.RestAPI.tests.UserInfo"/>
  <testcase name="session_id_LastValue" time="0.002" classname="com.qa.RestAPI.tests.UserInfo"/>
  <testcase name="allmarksof_SecondStudent" time="0.524" classname="com.qa.RestAPI.tests.UserInfo"/>
  <testcase name="secondstate_valueof_FirstStudent" time="0.006" classname="com.qa.RestAPI.tests.UserInfo"/>
  <testcase name="secondcontact_valueof_SecondStudent" time="0.007" classname="com.qa.RestAPI.tests.UserInfo"/>
  <testcase name="allcitiesof_SecondStudent" time="0.009" classname="com.qa.RestAPI.tests.UserInfo"/>
  <testcase name="contactsof_allStudents" time="0.006" classname="com.qa.RestAPI.tests.UserInfo"/>
  <testcase name="addressof_firstStudent" time="0.010" classname="com.qa.RestAPI.tests.UserInfo"/>
</testsuite> <!-- com.qa.RestAPI.tests.UserInfo -->
