<?xml version="1.0" encoding="UTF-8"?>
<!-- Generated by org.testng.reporters.JUnitReportReporter -->
<testsuite skipped="1" hostname="LAPTOP-DQ25KTNT" name="com.qa.RestAPI.tests.posts" tests="2" failures="0" timestamp="11 Sep 2020 21:53:49 GMT" time="6.790" errors="0">
  <testcase name="checkResponsefor_UserId" time="6.790" classname="com.qa.RestAPI.tests.posts"/>
  <testcase name="getresponse" classname="com.qa.RestAPI.tests.posts">
    <skipped/>
  </testcase> <!-- getresponse -->
</testsuite> <!-- com.qa.RestAPI.tests.posts -->
